2025-01-16 05:57:36 - Command: git clone -b master https://github.com/sukiwp/suki /Users/insafinhaam/Local Sites/service-providing-website/app/public/wp-content/themes/suki
sh: git: command not found


2025-01-16 06:00:44 - Command: git clone -b master https://github.com/sukiwp/suki /Users/insafinhaam/Local Sites/service-providing-website/app/public/wp-content/themes/suki
sh: git: command not found


2025-01-16 06:01:27 - Command: git clone -b master https://github.com/sukiwp/suki /Users/insafinhaam/Local Sites/service-providing-website/app/public/wp-content/themes/suki
sh: git: command not found


2025-01-16 06:01:57 - Command: git clone -b main https://github.com/InsafInhaam/scalelabz.com /Users/insafinhaam/Local Sites/service-providing-website/app/public/wp-content/themes/scalelabz.com
sh: git: command not found


2025-01-16 06:05:30 - Command: /usr/bin/git clone -b master https://github.com/sukiwp/suki /Users/insafinhaam/Local Sites/service-providing-website/app/public/wp-content/themes/suki
fatal: Too many arguments.

usage: git clone [<options>] [--] <repo> [<dir>]

    -v, --verbose         be more verbose
    -q, --quiet           be more quiet
    --progress            force progress reporting
    --reject-shallow      don't clone shallow repository
    -n, --no-checkout     don't create a checkout
    --bare                create a bare repository
    --mirror              create a mirror repository (implies bare)
    -l, --local           to clone from a local repository
    --no-hardlinks        don't use local hardlinks, always copy
    -s, --shared          setup as shared repository
    --recurse-submodules[=<pathspec>]
                          initialize submodules in the clone
    --recursive ...       alias of --recurse-submodules
    -j, --jobs <n>        number of submodules cloned in parallel
    --template <template-directory>
                          directory from which templates will be used
    --reference <repo>    reference repository
    --reference-if-able <repo>
                          reference repository
    --dissociate          use --reference only while cloning
    -o, --origin <name>   use <name> instead of 'origin' to track upstream
    -b, --branch <branch>
                          checkout <branch> instead of the remote's HEAD
    -u, --upload-pack <path>
                          path to git-upload-pack on the remote
    --depth <depth>       create a shallow clone of that depth
    --shallow-since <time>
                          create a shallow clone since a specific time
    --shallow-exclude <revision>
                          deepen history of shallow clone, excluding rev
    --single-branch       clone only one branch, HEAD or --branch
    --no-tags             don't clone any tags, and make later fetches not to follow them
    --shallow-submodules  any cloned submodules will be shallow
    --separate-git-dir <gitdir>
                          separate git dir from working tree
    -c, --config <key=value>
                          set config inside the new repository
    --server-option <server-specific>
                          option to transmit
    -4, --ipv4            use IPv4 addresses only
    -6, --ipv6            use IPv6 addresses only
    --filter <args>       object filtering
    --also-filter-submodules
                          apply partial clone filters to submodules
    --remote-submodules   any cloned submodules will use their remote-tracking branch
    --sparse              initialize sparse-checkout file to include only files at root
    --bundle-uri <uri>    a URI for downloading bundles before fetching from origin remote



2025-01-16 06:07:02 - Command: /usr/bin/git clone -b master https://github.com/sukiwp/suki "/Users/insafinhaam/Local Sites/service-providing-website/app/public/wp-content/themes/suki"
Cloning into '/Users/insafinhaam/Local Sites/service-providing-website/app/public/wp-content/themes/suki'...


2025-01-16 07:56:37 - Command: /usr/bin/git -C /Users/insafinhaam/Local Sites/service-providing-website/app/public/wp-content/themes/suki pull
fatal: cannot change to '/Users/insafinhaam/Local': No such file or directory


2025-01-16 07:58:22 - Command: /usr/bin/git -C '/Users/insafinhaam/Local Sites/service-providing-website/app/public/wp-content/themes/suki' pull
Already up to date.


2025-01-16 07:58:41 - Command: /usr/bin/git clone -b main https://github.com/InsafInhaam/scalelabz.com "/Users/insafinhaam/Local Sites/service-providing-website/app/public/wp-content/themes/scalelabz.com"
Cloning into '/Users/insafinhaam/Local Sites/service-providing-website/app/public/wp-content/themes/scalelabz.com'...


2025-01-16 08:01:03 - Command: /usr/bin/git -C '/Users/insafinhaam/Local Sites/service-providing-website/app/public/wp-content/themes/scalelabz.com' pull
From https://github.com/InsafInhaam/scalelabz.com
   24623ee..d9190c9  main       -> origin/main
Updating 24623ee..d9190c9
Fast-forward
 style.css | 2 +-
 1 file changed, 1 insertion(+), 1 deletion(-)


